{"/Users/harisbeslic/Desktop/task/src/app.mjs": {"path":"/Users/harisbeslic/Desktop/task/src/app.mjs","statementMap":{"0":{"start":{"line":9,"column":4},"end":{"line":9,"column":26}},"1":{"start":{"line":10,"column":4},"end":{"line":10,"column":42}},"2":{"start":{"line":11,"column":4},"end":{"line":11,"column":41}},"3":{"start":{"line":15,"column":4},"end":{"line":15,"column":18}},"4":{"start":{"line":16,"column":4},"end":{"line":18,"column":6}},"5":{"start":{"line":17,"column":6},"end":{"line":17,"column":51}},"6":{"start":{"line":22,"column":4},"end":{"line":22,"column":39}},"7":{"start":{"line":23,"column":4},"end":{"line":23,"column":26}},"8":{"start":{"line":25,"column":4},"end":{"line":25,"column":39}},"9":{"start":{"line":27,"column":4},"end":{"line":27,"column":31}}},"fnMap":{"0":{"name":"(anonymous_0)","decl":{"start":{"line":8,"column":2},"end":{"line":8,"column":3}},"loc":{"start":{"line":8,"column":16},"end":{"line":12,"column":3}},"line":8},"1":{"name":"(anonymous_1)","decl":{"start":{"line":14,"column":2},"end":{"line":14,"column":3}},"loc":{"start":{"line":14,"column":11},"end":{"line":19,"column":3}},"line":14},"2":{"name":"(anonymous_2)","decl":{"start":{"line":16,"column":39},"end":{"line":16,"column":40}},"loc":{"start":{"line":17,"column":6},"end":{"line":17,"column":51}},"line":17}},"branchMap":{"0":{"loc":{"start":{"line":10,"column":16},"end":{"line":10,"column":41}},"type":"binary-expr","locations":[{"start":{"line":10,"column":16},"end":{"line":10,"column":33}},{"start":{"line":10,"column":37},"end":{"line":10,"column":41}}],"line":10}},"s":{"0":1,"1":1,"2":1,"3":1,"4":1,"5":1,"6":1,"7":1,"8":1,"9":1},"f":{"0":1,"1":1,"2":1},"b":{"0":[1,1]},"_coverageSchema":"1a1c01bbd47fc00a2c39e90264f33305004495a9","hash":"a17057c3e783fba4ffebb22b53ac50c9dc164e92"}
,"/Users/harisbeslic/Desktop/task/src/controllers/admin.controller.mjs": {"path":"/Users/harisbeslic/Desktop/task/src/controllers/admin.controller.mjs","statementMap":{"0":{"start":{"line":6,"column":4},"end":{"line":6,"column":25}},"1":{"start":{"line":7,"column":4},"end":{"line":7,"column":35}},"2":{"start":{"line":11,"column":4},"end":{"line":11,"column":65}}},"fnMap":{"0":{"name":"(anonymous_0)","decl":{"start":{"line":5,"column":2},"end":{"line":5,"column":3}},"loc":{"start":{"line":5,"column":16},"end":{"line":8,"column":3}},"line":5},"1":{"name":"(anonymous_1)","decl":{"start":{"line":10,"column":2},"end":{"line":10,"column":3}},"loc":{"start":{"line":10,"column":14},"end":{"line":12,"column":3}},"line":10}},"branchMap":{},"s":{"0":2,"1":2,"2":1},"f":{"0":2,"1":1},"b":{},"_coverageSchema":"1a1c01bbd47fc00a2c39e90264f33305004495a9","hash":"c104bf98d1d015867263e728cf197d207fc35834"}
,"/Users/harisbeslic/Desktop/task/src/controllers/auth.controller.mjs": {"path":"/Users/harisbeslic/Desktop/task/src/controllers/auth.controller.mjs","statementMap":{"0":{"start":{"line":6,"column":4},"end":{"line":6,"column":25}},"1":{"start":{"line":7,"column":4},"end":{"line":7,"column":53}},"2":{"start":{"line":8,"column":4},"end":{"line":8,"column":63}},"3":{"start":{"line":12,"column":18},"end":{"line":12,"column":55}},"4":{"start":{"line":14,"column":4},"end":{"line":14,"column":57}},"5":{"start":{"line":18,"column":18},"end":{"line":18,"column":61}},"6":{"start":{"line":19,"column":4},"end":{"line":19,"column":57}}},"fnMap":{"0":{"name":"(anonymous_0)","decl":{"start":{"line":5,"column":2},"end":{"line":5,"column":3}},"loc":{"start":{"line":5,"column":16},"end":{"line":9,"column":3}},"line":5},"1":{"name":"(anonymous_1)","decl":{"start":{"line":11,"column":2},"end":{"line":11,"column":3}},"loc":{"start":{"line":11,"column":23},"end":{"line":15,"column":3}},"line":11},"2":{"name":"(anonymous_2)","decl":{"start":{"line":17,"column":2},"end":{"line":17,"column":3}},"loc":{"start":{"line":17,"column":28},"end":{"line":20,"column":3}},"line":17}},"branchMap":{},"s":{"0":2,"1":2,"2":2,"3":2,"4":2,"5":1,"6":1},"f":{"0":2,"1":2,"2":1},"b":{},"_coverageSchema":"1a1c01bbd47fc00a2c39e90264f33305004495a9","hash":"294bbee90677984c040b310dd5c0d745689206b7"}
,"/Users/harisbeslic/Desktop/task/src/lib/jwt.lib.mjs": {"path":"/Users/harisbeslic/Desktop/task/src/lib/jwt.lib.mjs","statementMap":{"0":{"start":{"line":5,"column":6},"end":{"line":15,"column":8}},"1":{"start":{"line":19,"column":6},"end":{"line":33,"column":7}},"2":{"start":{"line":20,"column":8},"end":{"line":30,"column":10}},"3":{"start":{"line":32,"column":8},"end":{"line":32,"column":73}},"4":{"start":{"line":37,"column":6},"end":{"line":37,"column":31}}},"fnMap":{"0":{"name":"(anonymous_0)","decl":{"start":{"line":4,"column":4},"end":{"line":4,"column":5}},"loc":{"start":{"line":4,"column":20},"end":{"line":16,"column":5}},"line":4},"1":{"name":"(anonymous_1)","decl":{"start":{"line":18,"column":4},"end":{"line":18,"column":5}},"loc":{"start":{"line":18,"column":40},"end":{"line":34,"column":5}},"line":18},"2":{"name":"(anonymous_2)","decl":{"start":{"line":36,"column":4},"end":{"line":36,"column":5}},"loc":{"start":{"line":36,"column":23},"end":{"line":38,"column":5}},"line":36}},"branchMap":{"0":{"loc":{"start":{"line":18,"column":23},"end":{"line":18,"column":38}},"type":"default-arg","locations":[{"start":{"line":18,"column":33},"end":{"line":18,"column":38}}],"line":18}},"s":{"0":5,"1":4,"2":4,"3":2,"4":1},"f":{"0":5,"1":4,"2":1},"b":{"0":[4]},"_coverageSchema":"1a1c01bbd47fc00a2c39e90264f33305004495a9","hash":"bca387a089e3e8d0ee3b20fdfcfddc2a24c82b19"}
,"/Users/harisbeslic/Desktop/task/src/middleware/auth.middleware.mjs": {"path":"/Users/harisbeslic/Desktop/task/src/middleware/auth.middleware.mjs","statementMap":{"0":{"start":{"line":4,"column":12},"end":{"line":4,"column":21}},"1":{"start":{"line":6,"column":30},"end":{"line":20,"column":1}},"2":{"start":{"line":7,"column":16},"end":{"line":7,"column":62}},"3":{"start":{"line":9,"column":2},"end":{"line":19,"column":3}},"4":{"start":{"line":10,"column":4},"end":{"line":10,"column":50}},"5":{"start":{"line":10,"column":16},"end":{"line":10,"column":50}},"6":{"start":{"line":12,"column":17},"end":{"line":12,"column":39}},"7":{"start":{"line":14,"column":4},"end":{"line":14,"column":20}},"8":{"start":{"line":16,"column":4},"end":{"line":16,"column":18}},"9":{"start":{"line":18,"column":4},"end":{"line":18,"column":60}}},"fnMap":{"0":{"name":"(anonymous_0)","decl":{"start":{"line":6,"column":30},"end":{"line":6,"column":31}},"loc":{"start":{"line":6,"column":54},"end":{"line":20,"column":1}},"line":6}},"branchMap":{"0":{"loc":{"start":{"line":10,"column":4},"end":{"line":10,"column":50}},"type":"if","locations":[{"start":{"line":10,"column":4},"end":{"line":10,"column":50}},{"start":{},"end":{}}],"line":10}},"s":{"0":2,"1":2,"2":3,"3":3,"4":3,"5":1,"6":2,"7":1,"8":1,"9":2},"f":{"0":3},"b":{"0":[1,2]},"_coverageSchema":"1a1c01bbd47fc00a2c39e90264f33305004495a9","hash":"64ef35389193eb9df71f7622474ea31bd22c52ca"}
,"/Users/harisbeslic/Desktop/task/src/middleware/error.middleware.mjs": {"path":"/Users/harisbeslic/Desktop/task/src/middleware/error.middleware.mjs","statementMap":{"0":{"start":{"line":4,"column":25},"end":{"line":8,"column":1}},"1":{"start":{"line":5,"column":36},"end":{"line":5,"column":63}},"2":{"start":{"line":7,"column":2},"end":{"line":7,"column":37}},"3":{"start":{"line":10,"column":27},"end":{"line":23,"column":1}},"4":{"start":{"line":11,"column":2},"end":{"line":14,"column":3}},"5":{"start":{"line":12,"column":38},"end":{"line":12,"column":73}},"6":{"start":{"line":13,"column":4},"end":{"line":13,"column":57}},"7":{"start":{"line":16,"column":36},"end":{"line":20,"column":3}},"8":{"start":{"line":22,"column":2},"end":{"line":22,"column":55}}},"fnMap":{"0":{"name":"(anonymous_0)","decl":{"start":{"line":4,"column":25},"end":{"line":4,"column":26}},"loc":{"start":{"line":4,"column":56},"end":{"line":8,"column":1}},"line":4},"1":{"name":"(anonymous_1)","decl":{"start":{"line":10,"column":27},"end":{"line":10,"column":28}},"loc":{"start":{"line":10,"column":52},"end":{"line":23,"column":1}},"line":10}},"branchMap":{"0":{"loc":{"start":{"line":11,"column":2},"end":{"line":14,"column":3}},"type":"if","locations":[{"start":{"line":11,"column":2},"end":{"line":14,"column":3}},{"start":{},"end":{}}],"line":11}},"s":{"0":2,"1":2,"2":2,"3":2,"4":2,"5":1,"6":1,"7":1,"8":1},"f":{"0":2,"1":2},"b":{"0":[1,1]},"_coverageSchema":"1a1c01bbd47fc00a2c39e90264f33305004495a9","hash":"4cf07c90991230027f1c83a8bf72deaf9bd6c3b0"}
,"/Users/harisbeslic/Desktop/task/src/middleware/role.middleware.mjs": {"path":"/Users/harisbeslic/Desktop/task/src/middleware/role.middleware.mjs","statementMap":{"0":{"start":{"line":5,"column":18},"end":{"line":5,"column":33}},"1":{"start":{"line":6,"column":0},"end":{"line":6,"column":41}},"2":{"start":{"line":8,"column":24},"end":{"line":11,"column":1}},"3":{"start":{"line":9,"column":2},"end":{"line":9,"column":65}},"4":{"start":{"line":9,"column":52},"end":{"line":9,"column":65}},"5":{"start":{"line":10,"column":2},"end":{"line":10,"column":14}},"6":{"start":{"line":13,"column":29},"end":{"line":18,"column":1}},"7":{"start":{"line":14,"column":2},"end":{"line":15,"column":17}},"8":{"start":{"line":15,"column":4},"end":{"line":15,"column":17}},"9":{"start":{"line":17,"column":2},"end":{"line":17,"column":14}},"10":{"start":{"line":20,"column":30},"end":{"line":29,"column":1}},"11":{"start":{"line":21,"column":21},"end":{"line":24,"column":3}},"12":{"start":{"line":26,"column":2},"end":{"line":26,"column":46}},"13":{"start":{"line":26,"column":32},"end":{"line":26,"column":46}},"14":{"start":{"line":28,"column":2},"end":{"line":28,"column":31}}},"fnMap":{"0":{"name":"(anonymous_0)","decl":{"start":{"line":8,"column":24},"end":{"line":8,"column":25}},"loc":{"start":{"line":8,"column":38},"end":{"line":11,"column":1}},"line":8},"1":{"name":"(anonymous_1)","decl":{"start":{"line":13,"column":29},"end":{"line":13,"column":30}},"loc":{"start":{"line":13,"column":43},"end":{"line":18,"column":1}},"line":13},"2":{"name":"(anonymous_2)","decl":{"start":{"line":20,"column":30},"end":{"line":20,"column":31}},"loc":{"start":{"line":20,"column":54},"end":{"line":29,"column":1}},"line":20}},"branchMap":{"0":{"loc":{"start":{"line":9,"column":2},"end":{"line":9,"column":65}},"type":"if","locations":[{"start":{"line":9,"column":2},"end":{"line":9,"column":65}},{"start":{},"end":{}}],"line":9},"1":{"loc":{"start":{"line":9,"column":6},"end":{"line":9,"column":50}},"type":"binary-expr","locations":[{"start":{"line":9,"column":6},"end":{"line":9,"column":22}},{"start":{"line":9,"column":26},"end":{"line":9,"column":50}}],"line":9},"2":{"loc":{"start":{"line":14,"column":2},"end":{"line":15,"column":17}},"type":"if","locations":[{"start":{"line":14,"column":2},"end":{"line":15,"column":17}},{"start":{},"end":{}}],"line":14},"3":{"loc":{"start":{"line":14,"column":6},"end":{"line":14,"column":70}},"type":"binary-expr","locations":[{"start":{"line":14,"column":6},"end":{"line":14,"column":46}},{"start":{"line":14,"column":50},"end":{"line":14,"column":70}}],"line":14},"4":{"loc":{"start":{"line":26,"column":2},"end":{"line":26,"column":46}},"type":"if","locations":[{"start":{"line":26,"column":2},"end":{"line":26,"column":46}},{"start":{},"end":{}}],"line":26}},"s":{"0":2,"1":2,"2":2,"3":3,"4":2,"5":1,"6":2,"7":3,"8":2,"9":1,"10":2,"11":3,"12":3,"13":2,"14":1},"f":{"0":3,"1":3,"2":3},"b":{"0":[2,1],"1":[3,2],"2":[2,1],"3":[3,3],"4":[2,1]},"_coverageSchema":"1a1c01bbd47fc00a2c39e90264f33305004495a9","hash":"6bb9bb7fadcba890ef9b16d88dc089db91cd8794"}
,"/Users/harisbeslic/Desktop/task/src/routes/admin.route.mjs": {"path":"/Users/harisbeslic/Desktop/task/src/routes/admin.route.mjs","statementMap":{"0":{"start":{"line":9,"column":4},"end":{"line":9,"column":27}},"1":{"start":{"line":10,"column":4},"end":{"line":10,"column":34}},"2":{"start":{"line":14,"column":4},"end":{"line":14,"column":52}},"3":{"start":{"line":16,"column":4},"end":{"line":16,"column":57}},"4":{"start":{"line":18,"column":4},"end":{"line":18,"column":60}},"5":{"start":{"line":20,"column":4},"end":{"line":20,"column":23}}},"fnMap":{"0":{"name":"(anonymous_0)","decl":{"start":{"line":8,"column":2},"end":{"line":8,"column":3}},"loc":{"start":{"line":8,"column":16},"end":{"line":11,"column":3}},"line":8},"1":{"name":"(anonymous_1)","decl":{"start":{"line":13,"column":2},"end":{"line":13,"column":3}},"loc":{"start":{"line":13,"column":15},"end":{"line":21,"column":3}},"line":13}},"branchMap":{},"s":{"0":1,"1":1,"2":1,"3":1,"4":1,"5":1},"f":{"0":1,"1":1},"b":{},"_coverageSchema":"1a1c01bbd47fc00a2c39e90264f33305004495a9","hash":"631101938cdae3eb30c591d07cc456a845f95b65"}
,"/Users/harisbeslic/Desktop/task/src/routes/auth.route.mjs": {"path":"/Users/harisbeslic/Desktop/task/src/routes/auth.route.mjs","statementMap":{"0":{"start":{"line":7,"column":4},"end":{"line":7,"column":27}},"1":{"start":{"line":8,"column":4},"end":{"line":8,"column":33}},"2":{"start":{"line":12,"column":4},"end":{"line":15,"column":6}},"3":{"start":{"line":17,"column":4},"end":{"line":20,"column":6}},"4":{"start":{"line":22,"column":4},"end":{"line":22,"column":23}}},"fnMap":{"0":{"name":"(anonymous_0)","decl":{"start":{"line":6,"column":2},"end":{"line":6,"column":3}},"loc":{"start":{"line":6,"column":16},"end":{"line":9,"column":3}},"line":6},"1":{"name":"(anonymous_1)","decl":{"start":{"line":11,"column":2},"end":{"line":11,"column":3}},"loc":{"start":{"line":11,"column":15},"end":{"line":23,"column":3}},"line":11}},"branchMap":{},"s":{"0":1,"1":1,"2":1,"3":1,"4":1},"f":{"0":1,"1":1},"b":{},"_coverageSchema":"1a1c01bbd47fc00a2c39e90264f33305004495a9","hash":"d03a1c00668eddbd927a82db9c9e3b2af0b41e85"}
,"/Users/harisbeslic/Desktop/task/src/routes/index.mjs": {"path":"/Users/harisbeslic/Desktop/task/src/routes/index.mjs","statementMap":{"0":{"start":{"line":8,"column":4},"end":{"line":8,"column":27}},"1":{"start":{"line":12,"column":4},"end":{"line":12,"column":73}},"2":{"start":{"line":14,"column":4},"end":{"line":14,"column":23}}},"fnMap":{"0":{"name":"(anonymous_0)","decl":{"start":{"line":7,"column":2},"end":{"line":7,"column":3}},"loc":{"start":{"line":7,"column":16},"end":{"line":9,"column":3}},"line":7},"1":{"name":"(anonymous_1)","decl":{"start":{"line":11,"column":2},"end":{"line":11,"column":3}},"loc":{"start":{"line":11,"column":15},"end":{"line":15,"column":3}},"line":11}},"branchMap":{},"s":{"0":1,"1":1,"2":1},"f":{"0":1,"1":1},"b":{},"_coverageSchema":"1a1c01bbd47fc00a2c39e90264f33305004495a9","hash":"800e8fee073080b87d6f176e7c8b746994b43055"}
,"/Users/harisbeslic/Desktop/task/src/utils/http-status.mjs": {"path":"/Users/harisbeslic/Desktop/task/src/utils/http-status.mjs","statementMap":{"0":{"start":{"line":1,"column":30},"end":{"line":7,"column":1}}},"fnMap":{},"branchMap":{},"s":{"0":7},"f":{},"b":{},"_coverageSchema":"1a1c01bbd47fc00a2c39e90264f33305004495a9","hash":"3df33d32edff677f3f688f75933f01984a9e9405"}
,"/Users/harisbeslic/Desktop/task/src/utils/exceptions/forbidden.exception.mjs": {"path":"/Users/harisbeslic/Desktop/task/src/utils/exceptions/forbidden.exception.mjs","statementMap":{"0":{"start":{"line":6,"column":4},"end":{"line":6,"column":68}}},"fnMap":{"0":{"name":"(anonymous_0)","decl":{"start":{"line":5,"column":2},"end":{"line":5,"column":3}},"loc":{"start":{"line":5,"column":20},"end":{"line":7,"column":3}},"line":5}},"branchMap":{},"s":{"0":3},"f":{"0":3},"b":{},"_coverageSchema":"1a1c01bbd47fc00a2c39e90264f33305004495a9","hash":"d2dcf50634f561490b8455b285ff7520db8c11a1"}
,"/Users/harisbeslic/Desktop/task/src/utils/exceptions/http.exception.mjs": {"path":"/Users/harisbeslic/Desktop/task/src/utils/exceptions/http.exception.mjs","statementMap":{"0":{"start":{"line":3,"column":4},"end":{"line":3,"column":12}},"1":{"start":{"line":4,"column":4},"end":{"line":4,"column":29}},"2":{"start":{"line":5,"column":4},"end":{"line":5,"column":25}},"3":{"start":{"line":6,"column":4},"end":{"line":6,"column":24}},"4":{"start":{"line":7,"column":4},"end":{"line":7,"column":21}},"5":{"start":{"line":11,"column":18},"end":{"line":11,"column":68}},"6":{"start":{"line":12,"column":4},"end":{"line":12,"column":36}},"7":{"start":{"line":16,"column":4},"end":{"line":16,"column":38}},"8":{"start":{"line":20,"column":4},"end":{"line":20,"column":76}},"9":{"start":{"line":24,"column":4},"end":{"line":24,"column":32}}},"fnMap":{"0":{"name":"(anonymous_0)","decl":{"start":{"line":2,"column":2},"end":{"line":2,"column":3}},"loc":{"start":{"line":2,"column":32},"end":{"line":8,"column":3}},"line":2},"1":{"name":"(anonymous_1)","decl":{"start":{"line":19,"column":2},"end":{"line":19,"column":3}},"loc":{"start":{"line":19,"column":16},"end":{"line":21,"column":3}},"line":19},"2":{"name":"(anonymous_2)","decl":{"start":{"line":23,"column":2},"end":{"line":23,"column":3}},"loc":{"start":{"line":23,"column":26},"end":{"line":25,"column":3}},"line":23}},"branchMap":{"0":{"loc":{"start":{"line":24,"column":19},"end":{"line":24,"column":29}},"type":"binary-expr","locations":[{"start":{"line":24,"column":19},"end":{"line":24,"column":23}},{"start":{"line":24,"column":27},"end":{"line":24,"column":29}}],"line":24}},"s":{"0":8,"1":8,"2":8,"3":8,"4":8,"5":8,"6":8,"7":8,"8":4,"9":8},"f":{"0":8,"1":4,"2":8},"b":{"0":[8,6]},"_coverageSchema":"1a1c01bbd47fc00a2c39e90264f33305004495a9","hash":"8229825a49984b9164d645a90d36dc789bee1abb"}
,"/Users/harisbeslic/Desktop/task/src/utils/exceptions/internal-server-error.exception.mjs": {"path":"/Users/harisbeslic/Desktop/task/src/utils/exceptions/internal-server-error.exception.mjs","statementMap":{"0":{"start":{"line":6,"column":4},"end":{"line":6,"column":80}}},"fnMap":{"0":{"name":"(anonymous_0)","decl":{"start":{"line":5,"column":2},"end":{"line":5,"column":3}},"loc":{"start":{"line":5,"column":20},"end":{"line":7,"column":3}},"line":5}},"branchMap":{},"s":{"0":2},"f":{"0":2},"b":{},"_coverageSchema":"1a1c01bbd47fc00a2c39e90264f33305004495a9","hash":"24cb456176a063e9bce214054f7ff0f0778ab608"}
,"/Users/harisbeslic/Desktop/task/src/utils/exceptions/unauthorized.exception.mjs": {"path":"/Users/harisbeslic/Desktop/task/src/utils/exceptions/unauthorized.exception.mjs","statementMap":{"0":{"start":{"line":6,"column":4},"end":{"line":6,"column":71}}},"fnMap":{"0":{"name":"(anonymous_0)","decl":{"start":{"line":5,"column":2},"end":{"line":5,"column":3}},"loc":{"start":{"line":5,"column":20},"end":{"line":7,"column":3}},"line":5}},"branchMap":{},"s":{"0":3},"f":{"0":3},"b":{},"_coverageSchema":"1a1c01bbd47fc00a2c39e90264f33305004495a9","hash":"f6e7e98e2ca9f54c9b7e7481d1689fc8c48ca726"}
}
